e:\gits\labs-work\sharykin-lab13\sharykin-lab13\debug\vc141.pdb
e:\gits\labs-work\sharykin-lab13\sharykin-lab13\debug\vc141.idb
e:\gits\labs-work\sharykin-lab13\sharykin-lab13\debug\testlab13.obj
e:\gits\labs-work\sharykin-lab13\sharykin-lab13\debug\student.obj
e:\gits\labs-work\sharykin-lab13\sharykin-lab13\debug\teststudent.obj
g:\gits\hunterlan\labs-work\sharykin-lab13\sharykin-lab13\debug\vc141.pdb
g:\gits\hunterlan\labs-work\sharykin-lab13\sharykin-lab13\debug\vc141.idb
g:\gits\hunterlan\labs-work\sharykin-lab13\sharykin-lab13\debug\teststudent.obj
g:\gits\hunterlan\labs-work\sharykin-lab13\sharykin-lab13\debug\testlab13.obj
g:\gits\hunterlan\labs-work\sharykin-lab13\sharykin-lab13\debug\student.obj
e:\gits\labs-work\sharykin-lab13\debug\sharykin-lab13.exe
e:\gits\labs-work\sharykin-lab13\debug\sharykin-lab13.ilk
e:\gits\labs-work\sharykin-lab13\debug\sharykin-lab13.pdb
g:\gits\hunterlan\labs-work\sharykin-lab13\debug\sharykin-lab13.ilk
g:\gits\hunterlan\labs-work\sharykin-lab13\debug\sharykin-lab13.exe
g:\gits\hunterlan\labs-work\sharykin-lab13\debug\sharykin-lab13.pdb
g:\gits\hunterlan\labs-work\sharykin-lab13\sharykin-lab13\debug\sharykin-lab13.tlog\cl.command.1.tlog
g:\gits\hunterlan\labs-work\sharykin-lab13\sharykin-lab13\debug\sharykin-lab13.tlog\cl.read.1.tlog
g:\gits\hunterlan\labs-work\sharykin-lab13\sharykin-lab13\debug\sharykin-lab13.tlog\cl.write.1.tlog
g:\gits\hunterlan\labs-work\sharykin-lab13\sharykin-lab13\debug\sharykin-lab13.tlog\link.command.1.tlog
g:\gits\hunterlan\labs-work\sharykin-lab13\sharykin-lab13\debug\sharykin-lab13.tlog\link.read.1.tlog
g:\gits\hunterlan\labs-work\sharykin-lab13\sharykin-lab13\debug\sharykin-lab13.tlog\link.write.1.tlog
