e:\beginning\sharykin-lab08\sharykin-lab08\debug\vc141.pdb
e:\beginning\sharykin-lab08\sharykin-lab08\debug\vc141.idb
e:\beginning\sharykin-lab08\sharykin-lab08\debug\testlab08.obj
e:\beginning\sharykin-lab08\sharykin-lab08\debug\opswitharray.obj
e:\beginning\sharykin-lab08\debug\sharykin-lab08.exe
e:\beginning\sharykin-lab08\debug\sharykin-lab08.ilk
e:\beginning\sharykin-lab08\debug\sharykin-lab08.pdb
e:\gits\labs-work\sharykin-lab08\sharykin-lab08\debug\opswitharray.obj
e:\gits\labs-work\sharykin-lab08\sharykin-lab08\debug\testlab08.obj
e:\gits\labs-work\sharykin-lab08\sharykin-lab08\debug\opswitharray.obj.enc
e:\gits\labs-work\sharykin-lab08\sharykin-lab08\debug\testlab08.obj.enc
e:\gits\labs-work\sharykin-lab08\sharykin-lab08\debug\vc141.idb
e:\gits\labs-work\sharykin-lab08\sharykin-lab08\debug\vc141.pdb
e:\gits\labs-work\sharykin-lab08\debug\sharykin-lab08.pdb
e:\gits\labs-work\sharykin-lab08\debug\sharykin-lab08.exe
e:\gits\labs-work\sharykin-lab08\debug\sharykin-lab08.ilk
e:\gits\labs-work\sharykin-lab08\sharykin-lab08\debug\sharykin-lab08.tlog\cl.command.1.tlog
e:\gits\labs-work\sharykin-lab08\sharykin-lab08\debug\sharykin-lab08.tlog\cl.read.1.tlog
e:\gits\labs-work\sharykin-lab08\sharykin-lab08\debug\sharykin-lab08.tlog\cl.write.1.tlog
e:\gits\labs-work\sharykin-lab08\sharykin-lab08\debug\sharykin-lab08.tlog\link.command.1.tlog
e:\gits\labs-work\sharykin-lab08\sharykin-lab08\debug\sharykin-lab08.tlog\link.read.1.tlog
e:\gits\labs-work\sharykin-lab08\sharykin-lab08\debug\sharykin-lab08.tlog\link.write.1.tlog
