e:\beginning\sharykin-lab09\sharykin-lab09\debug\vc141.pdb
e:\beginning\sharykin-lab09\sharykin-lab09\debug\vc141.idb
e:\beginning\sharykin-lab09\sharykin-lab09\debug\testlab09.obj
e:\beginning\sharykin-lab09\sharykin-lab09\debug\opswitharray.obj
e:\beginning\sharykin-lab09\debug\sharykin-lab09.exe
e:\beginning\sharykin-lab09\debug\sharykin-lab09.ilk
e:\beginning\sharykin-lab09\debug\sharykin-lab09.pdb
e:\gits\labs-work\sharykin-lab09\sharykin-lab09\debug\opswitharray.obj
e:\gits\labs-work\sharykin-lab09\sharykin-lab09\debug\testlab09.obj
e:\gits\labs-work\sharykin-lab09\sharykin-lab09\debug\vc141.idb
e:\gits\labs-work\sharykin-lab09\sharykin-lab09\debug\vc141.pdb
e:\gits\labs-work\sharykin-lab09\debug\sharykin-lab09.pdb
e:\gits\labs-work\sharykin-lab09\debug\sharykin-lab09.exe
e:\gits\labs-work\sharykin-lab09\debug\sharykin-lab09.ilk
e:\gits\labs-work\sharykin-lab09\sharykin-lab09\debug\sharykin-lab09.tlog\cl.command.1.tlog
e:\gits\labs-work\sharykin-lab09\sharykin-lab09\debug\sharykin-lab09.tlog\cl.read.1.tlog
e:\gits\labs-work\sharykin-lab09\sharykin-lab09\debug\sharykin-lab09.tlog\cl.write.1.tlog
e:\gits\labs-work\sharykin-lab09\sharykin-lab09\debug\sharykin-lab09.tlog\link.command.1.tlog
e:\gits\labs-work\sharykin-lab09\sharykin-lab09\debug\sharykin-lab09.tlog\link.read.1.tlog
e:\gits\labs-work\sharykin-lab09\sharykin-lab09\debug\sharykin-lab09.tlog\link.write.1.tlog
